0 info it worked if it ends with ok
1 verbose cli [ 'C:\\Program Files (x86)\\nodejs\\node.exe',
1 verbose cli   'C:\\Program Files (x86)\\nodejs\\node_modules\\npm\\bin\\npm-cli.js',
1 verbose cli   'run',
1 verbose cli   'watch-js' ]
2 info using npm@3.8.6
3 info using node@v5.11.0
4 verbose run-script [ 'prewatch-js', 'watch-js', 'postwatch-js' ]
5 info lifecycle @~prewatch-js: @
6 silly lifecycle @~prewatch-js: no script for prewatch-js, continuing
7 info lifecycle @~watch-js: @
8 verbose lifecycle @~watch-js: unsafe-perm in lifecycle true
9 verbose lifecycle @~watch-js: PATH: C:\Program Files (x86)\nodejs\node_modules\npm\bin\node-gyp-bin;C:\Users\solene\Downloads\QuatrevauxSolene\drawer\js\node_modules\.bin;C:\Program Files (x86)\nodejs;C:\Users\solene\AppData\Roaming\npm;C:\Program Files (x86)\nodejs\;C:\ProgramData\Oracle\Java\javapath;C:\Program Files (x86)\Intel\iCLS Client\;C:\Program Files\Intel\iCLS Client\;C:\Program Files\Dell\DW WLAN Card;;C:\WINDOWS\system32;C:\WINDOWS;C:\WINDOWS\System32\Wbem;C:\WINDOWS\System32\WindowsPowerShell\v1.0\;c:\Program Files\WIDCOMM\Bluetooth Software\;c:\Program Files\WIDCOMM\Bluetooth Software\syswow64;C:\Program Files\Intel\Intel(R) Management Engine Components\DAL;C:\Program Files (x86)\Intel\Intel(R) Management Engine Components\DAL;C:\Program Files\Intel\Intel(R) Management Engine Components\IPT;C:\Program Files (x86)\Intel\Intel(R) Management Engine Components\IPT;C:\Program Files\TortoiseSVN\bin;C:\Program Files (x86)\nodejs\;C:\Users\solene\AppData\Roaming\npm
10 verbose lifecycle @~watch-js: CWD: C:\Users\solene\Downloads\QuatrevauxSolene\drawer\js
11 silly lifecycle @~watch-js: Args: [ '/d /s /c', 'watchify js/app.js -o js/drawerBundle.js' ]
12 silly lifecycle @~watch-js: Returned: code: 1  signal: null
13 info lifecycle @~watch-js: Failed to exec watch-js script
14 verbose stack Error: @ watch-js: `watchify js/app.js -o js/drawerBundle.js`
14 verbose stack Exit status 1
14 verbose stack     at EventEmitter.<anonymous> (C:\Program Files (x86)\nodejs\node_modules\npm\lib\utils\lifecycle.js:239:16)
14 verbose stack     at emitTwo (events.js:100:13)
14 verbose stack     at EventEmitter.emit (events.js:185:7)
14 verbose stack     at ChildProcess.<anonymous> (C:\Program Files (x86)\nodejs\node_modules\npm\lib\utils\spawn.js:24:14)
14 verbose stack     at emitTwo (events.js:100:13)
14 verbose stack     at ChildProcess.emit (events.js:185:7)
14 verbose stack     at maybeClose (internal/child_process.js:850:16)
14 verbose stack     at Process.ChildProcess._handle.onexit (internal/child_process.js:215:5)
15 verbose pkgid @
16 verbose cwd C:\Users\solene\Downloads\QuatrevauxSolene\drawer\js
17 error Windows_NT 10.0.10586
18 error argv "C:\\Program Files (x86)\\nodejs\\node.exe" "C:\\Program Files (x86)\\nodejs\\node_modules\\npm\\bin\\npm-cli.js" "run" "watch-js"
19 error node v5.11.0
20 error npm  v3.8.6
21 error code ELIFECYCLE
22 error @ watch-js: `watchify js/app.js -o js/drawerBundle.js`
22 error Exit status 1
23 error Failed at the @ watch-js script 'watchify js/app.js -o js/drawerBundle.js'.
23 error Make sure you have the latest version of node.js and npm installed.
23 error If you do, this is most likely a problem with the  package,
23 error not with npm itself.
23 error Tell the author that this fails on your system:
23 error     watchify js/app.js -o js/drawerBundle.js
23 error You can get information on how to open an issue for this project with:
23 error     npm bugs
23 error Or if that isn't available, you can get their info via:
23 error     npm owner ls
23 error There is likely additional logging output above.
24 verbose exit [ 1, true ]
